INFO [2022-07-27 16:07:11] [[1]]
INFO [2022-07-27 16:07:11] x
INFO [2022-07-27 16:07:11] 
INFO [2022-07-27 16:07:11] $filename
INFO [2022-07-27 16:07:11] [1] "vennattempt"
INFO [2022-07-27 16:07:11] 
INFO [2022-07-27 16:07:11] $category.names
INFO [2022-07-27 16:07:11] c("WT", "∆BlsA")
INFO [2022-07-27 16:07:11] 
INFO [2022-07-27 16:07:11] $fill
INFO [2022-07-27 16:07:11] c("#00e2e6", "#f55d4c")
INFO [2022-07-27 16:07:11] 
INFO [2022-07-27 16:07:11] $cat.cex
INFO [2022-07-27 16:07:11] [1] 1
INFO [2022-07-27 16:07:11] 
INFO [2022-07-27 16:07:11] $cat.fontface
INFO [2022-07-27 16:07:11] [1] "bold"
INFO [2022-07-27 16:07:11] 
INFO [2022-07-27 16:07:11] $imagetype
INFO [2022-07-27 16:07:11] [1] "tiff"
INFO [2022-07-27 16:07:11] 
INFO [2022-07-27 16:07:11] $compression
INFO [2022-07-27 16:07:11] [1] "lzw"
INFO [2022-07-27 16:07:11] 
